IQ-TREE multicore version 1.6.12 for Windows 64-bit built Aug 15 2019
Developed by Bui Quang Minh, Nguyen Lam Tung, Olga Chernomor,
Heiko Schmidt, Dominik Schrempf, Michael Woodhams.

Host:    LAPTOP-L33PKUPE (AVX2, FMA3, 15 GB RAM)
Command: iqtree.exe -s project46.NEX.varsites.phy -st MORPH -m MK+ASC -nt AUTO
Seed:    954469 (Using SPRNG - Scalable Parallel Random Number Generator)
Time:    Sat Jul 15 08:31:22 2023
Kernel:  AVX+FMA - auto-detect threads (20 CPU cores detected)

Reading alignment file project46.NEX.varsites.phy ... Phylip format detected
Alignment most likely contains binary sequences
WARNING: Your specified sequence type is different from the detected one
Alignment has 80 sequences with 365 columns, 313 distinct patterns
363 parsimony-informative, 2 singleton sites, 0 constant sites
                            Gap/Ambiguity  Composition  p-value
   1  Seymouriidae                 35.62%    failed      0.00%
   2  Diadectomorpha               42.47%    failed      0.00%
   3  Casea                        38.08%    failed      0.00%
   4  Ophiacodon_retroversus       36.71%    failed      0.00%
   5  Edaphosauridae               41.37%    failed      0.00%
   6  Sphenacodontidae             35.34%    failed      0.00%
   7  Gorgonopsia                  38.90%    passed     44.79%
   8  Procynosuchus                36.44%    passed     94.65%
   9  Morganucodon                 47.12%    passed     36.63%
  10  Glyptodon_reticulatus        38.63%    failed      0.01%
  11  Glyptotherium                40.27%    failed      0.07%
  12  Doedicurus_giganteus         38.63%    failed      0.06%
  13  Panochthus_frenzelianus      38.63%    failed      0.04%
  14  Dasypus_novemcinctus         22.74%    failed      0.27%
  15  Zaedyus_pichiy               22.74%    failed      0.18%
  16  Captorhinidae                35.62%    failed      0.00%
  17  Araeoscelidia                37.26%    failed      0.00%
  18  Paleothyris_acadiana         41.10%    failed      0.00%
  19  Claudiosaurus_germaini       49.59%    passed     11.39%
  20  Younginiformes               46.30%    failed      0.99%
  21  Kuehneosauridae              67.12%    passed     99.22%
  22  Coahomasuchus_kahleorum      76.44%    passed     88.98%
  23  Desmatosuchus_haplocerus     40.00%    passed     21.21%
  24  Typothorax_coccinarum        61.64%    passed     40.23%
  25  Paratypothorax_andressorum   86.03%    failed      0.01%
  26  Pseudopalatus                42.47%    passed     83.06%
  27  Rutiodon                     35.07%    passed     66.63%
  28  Protosuchus_richardsoni      38.08%    passed     44.74%
  29  Akanthosuchus_langstoni      85.48%    failed      0.14%
  30  Simosuchus_clarki            46.58%    passed     15.31%
  31  Goniopholis_lucasii          55.34%    passed     45.68%
  32  Mahajangasuchus_insignis     44.11%    passed     32.83%
  33  Alligator_mississippiensis    4.38%    failed      0.00%
  34  Crocodylus                    4.93%    failed      0.00%
  35  Caiman_crocodilus             4.93%    failed      0.00%
  36  Gavialis_gangeticus           4.93%    failed      0.00%
  37  Euoplocephalus_tutus         41.92%    failed      0.24%
  38  Pinacosaurus_grangeri        44.66%    passed      5.75%
  39  Sauropelta_edwardsorum       41.37%    failed      0.03%
  40  Stegosaurus_stenops          34.52%    failed      0.32%
  41  Scelidosaurus_harrisonii     54.52%    passed     24.61%
  42  Scutellosaurus_lawleri       70.14%    passed     76.19%
  43  Rapetosaurus_krausei         92.88%    passed     50.44%
  44  Saltasaurus_loricatus        77.81%    passed     28.80%
  45  Titanosauridae_sp            93.15%    passed     57.57%
  46  Proganochelys_quenstedti     37.81%    failed      0.38%
  47  Chelydra_serpentina          17.26%    failed      1.41%
  48  Pseudemys_scripta            18.36%    failed      0.55%
  49  Geochelone                   18.90%    failed      0.30%
  50  Trionyx                      20.27%    failed      0.54%
  51  Baena                        73.15%    passed      8.66%
  52  Sphenodon_punctatus          14.79%    passed     92.88%
  53  Heloderma                     5.48%    passed     94.20%
  54  Corucia_zebrata               4.11%    passed     90.41%
  55  Tiliqua                       5.21%    passed     41.34%
  56  Cordylus                      4.66%    passed     55.57%
  57  Zonosaurus                    5.21%    passed     83.68%
  58  Anguis_fragilis              22.19%    passed     94.84%
  59  Ophisaurus                   20.82%    passed     91.79%
  60  Gerrhonotus                   3.29%    passed     87.14%
  61  Elgaria                       4.11%    passed     86.26%
  62  Glyptosaurinae               59.73%    passed     96.50%
  63  Mesosauridae                 53.70%    failed      0.03%
  64  Millerettidae                44.11%    failed      0.00%
  65  Anthodon_serrarius           32.05%    passed      6.03%
  66  Scutosaurus_karpinskii       26.85%    passed     38.61%
  67  Bradysaurus_seeleyi          27.12%    failed      4.42%
  68  Pareiasaurus_serridens       29.32%    passed     13.83%
  69  Procolophon                  37.53%    passed     61.20%
  70  Owenetta_rubidgei            53.70%    passed     37.60%
  71  Placodus                     32.88%    passed     74.90%
  72  Eosauropterygia              67.67%    passed     98.04%
  73  Cyamodontoidea               46.58%    passed     92.22%
  74  Rhynchosauria                43.01%    passed     79.99%
  75  Trilophosaurus_buettneri     45.48%    passed     79.51%
  76  Choristodera                 44.93%    passed     52.64%
  77  Prolacertiformes             44.66%    passed     64.77%
  78  Acleistorhinus_pteroticus    68.77%    failed      1.08%
  79  Lanthanosuchidae             68.77%    failed      2.65%
  80  Macroleter_poezicus          58.90%    failed      0.02%
WARNING: 19 sequences contain more than 50% gaps/ambiguity
****  TOTAL                        39.67%  36 sequences failed composition chi2 test (p-value<5%; df=6)
Creating fast initial parsimony tree by random order stepwise addition...
0.197 seconds, parsimony score: 1784 (based on 365 sites)

NOTE: 1 MB RAM (0 GB) is required!
Measuring multi-threading efficiency up to 20 CPU cores
Increase to 10 rounds for branch lengths
901 trees examined
Threads: 1 / Time: 20.007 sec / Speedup: 1.000 / Efficiency: 100% / LogL: -19198
Threads: 2 / Time: 17.548 sec / Speedup: 1.140 / Efficiency: 57% / LogL: -19198
Threads: 3 / Time: 16.500 sec / Speedup: 1.213 / Efficiency: 40% / LogL: -19198
BEST NUMBER OF THREADS: 2

Estimate model parameters (epsilon = 0.100)
1. Initial log-likelihood: -10333.393
Optimal log-likelihood: -9994.547
Parameters optimization took 1 rounds (0.011 sec)
Computing ML distances based on estimated model parameters... 0.000 sec
Computing BIONJ tree...
0.009 seconds
Log-likelihood of BIONJ tree: -10182.730
--------------------------------------------------------------------
|             INITIALIZING CANDIDATE TREE SET                      |
--------------------------------------------------------------------
Generating 98 parsimony trees... 0.311 second
Computing log-likelihood of 98 initial trees ... 0.522 seconds
Current best score: -9987.582

Do NNI search on 20 best initial trees
Estimate model parameters (epsilon = 0.100)
BETTER TREE FOUND at iteration 1: -9959.225
Estimate model parameters (epsilon = 0.100)
BETTER TREE FOUND at iteration 2: -9926.060
Estimate model parameters (epsilon = 0.100)
BETTER TREE FOUND at iteration 8: -9913.717
Iteration 10 / LogL: -9940.787 / Time: 0h:0m:55s
Estimate model parameters (epsilon = 0.100)
BETTER TREE FOUND at iteration 13: -9904.249
Iteration 20 / LogL: -9949.143 / Time: 0h:0m:56s
Finish initializing candidate tree set (20)
Current best tree score: -9904.249 / CPU time: 1.682
Number of iterations: 20
--------------------------------------------------------------------
|               OPTIMIZING CANDIDATE TREE SET                      |
--------------------------------------------------------------------
Estimate model parameters (epsilon = 0.100)
BETTER TREE FOUND at iteration 21: -9897.689
BETTER TREE FOUND at iteration 23: -9897.680
UPDATE BEST LOG-LIKELIHOOD: -9897.672
Iteration 30 / LogL: -9907.142 / Time: 0h:0m:56s (0h:3m:0s left)
Estimate model parameters (epsilon = 0.100)
BETTER TREE FOUND at iteration 37: -9890.985
Iteration 40 / LogL: -9897.702 / Time: 0h:0m:57s (0h:2m:21s left)
Estimate model parameters (epsilon = 0.100)
BETTER TREE FOUND at iteration 49: -9889.954
Iteration 50 / LogL: -9894.177 / Time: 0h:0m:57s (0h:1m:55s left)
Estimate model parameters (epsilon = 0.100)
BETTER TREE FOUND at iteration 57: -9888.338
Estimate model parameters (epsilon = 0.100)
BETTER TREE FOUND at iteration 59: -9888.218
Iteration 60 / LogL: -9891.751 / Time: 0h:0m:58s (0h:1m:37s left)
Estimate model parameters (epsilon = 0.100)
BETTER TREE FOUND at iteration 61: -9885.417
Iteration 70 / LogL: -9887.959 / Time: 0h:0m:58s (0h:1m:17s left)
Iteration 80 / LogL: -9885.437 / Time: 0h:0m:59s (0h:1m:0s left)
Iteration 90 / LogL: -9888.186 / Time: 0h:0m:59s (0h:0m:47s left)
Iteration 100 / LogL: -9886.729 / Time: 0h:1m:0s (0h:0m:36s left)
Iteration 110 / LogL: -9906.222 / Time: 0h:1m:0s (0h:0m:28s left)
Iteration 120 / LogL: -9893.174 / Time: 0h:1m:1s (0h:0m:21s left)
Estimate model parameters (epsilon = 0.100)
BETTER TREE FOUND at iteration 129: -9883.176
Iteration 130 / LogL: -9885.536 / Time: 0h:1m:1s (0h:0m:47s left)
Iteration 140 / LogL: -9886.896 / Time: 0h:1m:2s (0h:0m:39s left)
Estimate model parameters (epsilon = 0.100)
BETTER TREE FOUND at iteration 141: -9883.030
Estimate model parameters (epsilon = 0.100)
BETTER TREE FOUND at iteration 142: -9881.286
Iteration 150 / LogL: -9886.300 / Time: 0h:1m:2s (0h:0m:38s left)
Iteration 160 / LogL: -9885.195 / Time: 0h:1m:3s (0h:0m:32s left)
Iteration 170 / LogL: -9883.250 / Time: 0h:1m:3s (0h:0m:26s left)
Iteration 180 / LogL: -9892.502 / Time: 0h:1m:4s (0h:0m:22s left)
BETTER TREE FOUND at iteration 185: -9881.285
Iteration 190 / LogL: -9887.974 / Time: 0h:1m:4s (0h:0m:32s left)
Iteration 200 / LogL: -9883.589 / Time: 0h:1m:5s (0h:0m:27s left)
Iteration 210 / LogL: -9889.182 / Time: 0h:1m:5s (0h:0m:23s left)
UPDATE BEST LOG-LIKELIHOOD: -9881.285
Iteration 220 / LogL: -9889.651 / Time: 0h:1m:6s (0h:0m:19s left)
Iteration 230 / LogL: -9891.426 / Time: 0h:1m:6s (0h:0m:15s left)
Iteration 240 / LogL: -9883.173 / Time: 0h:1m:7s (0h:0m:12s left)
Iteration 250 / LogL: -9883.596 / Time: 0h:1m:7s (0h:0m:9s left)
Iteration 260 / LogL: -9888.331 / Time: 0h:1m:8s (0h:0m:6s left)
Iteration 270 / LogL: -9882.662 / Time: 0h:1m:8s (0h:0m:3s left)
Iteration 280 / LogL: -9881.286 / Time: 0h:1m:8s (0h:0m:1s left)
TREE SEARCH COMPLETED AFTER 286 ITERATIONS / Time: 0h:1m:9s

--------------------------------------------------------------------
|                    FINALIZING TREE SEARCH                        |
--------------------------------------------------------------------
Performs final model parameters optimization
Estimate model parameters (epsilon = 0.010)
1. Initial log-likelihood: -9881.285
Optimal log-likelihood: -9881.285
Parameters optimization took 1 rounds (0.005 sec)
BEST SCORE FOUND : -9881.285
Total tree length: 7.950

Total number of iterations: 286
CPU time used for tree search: 5.234 sec (0h:0m:5s)
Wall-clock time used for tree search: 14.903 sec (0h:0m:14s)
Total CPU time used: 34.312 sec (0h:0m:34s)
Total wall-clock time used: 69.276 sec (0h:1m:9s)

Analysis results written to: 
  IQ-TREE report:                project46.NEX.varsites.phy.iqtree
  Maximum-likelihood tree:       project46.NEX.varsites.phy.treefile
  Likelihood distances:          project46.NEX.varsites.phy.mldist
  Screen log file:               project46.NEX.varsites.phy.log

Date and Time: Sat Jul 15 08:32:32 2023
